[0.008s] Invoking command in '/home/maya-leblanc/Documents/projects/sim-sensor/build/diff_robot_description': CMAKE_PREFIX_PATH=${CMAKE_PREFIX_PATH}:/opt/ros/humble /usr/bin/cmake /home/maya-leblanc/Documents/projects/sim-sensor/src/diff_robot_description -DCMAKE_INSTALL_PREFIX=/home/maya-leblanc/Documents/projects/sim-sensor/install/diff_robot_description
[0.064s] -- The C compiler identification is GNU 11.4.0
[0.109s] -- The CXX compiler identification is GNU 11.4.0
[0.114s] -- Detecting C compiler ABI info
[0.171s] -- Detecting C compiler ABI info - done
[0.176s] -- Check for working C compiler: /usr/bin/cc - skipped
[0.176s] -- Detecting C compile features
[0.176s] -- Detecting C compile features - done
[0.178s] -- Detecting CXX compiler ABI info
[0.236s] -- Detecting CXX compiler ABI info - done
[0.244s] -- Check for working CXX compiler: /usr/bin/c++ - skipped
[0.244s] -- Detecting CXX compile features
[0.244s] -- Detecting CXX compile features - done
[0.246s] -- Found ament_cmake: 1.3.14 (/opt/ros/humble/share/ament_cmake/cmake)
[0.355s] -- Found Python3: /usr/bin/python3 (found version "3.10.12") found components: Interpreter 
[0.409s] -- Found ament_lint_auto: 0.12.15 (/opt/ros/humble/share/ament_lint_auto/cmake)
[0.455s] -- Added test 'lint_cmake' to check CMake code style
[0.456s] -- Added test 'xmllint' to check XML markup files
[0.456s] -- Configuring done
[0.457s] -- Generating done
[0.458s] -- Build files have been written to: /home/maya-leblanc/Documents/projects/sim-sensor/build/diff_robot_description
[0.463s] Invoked command in '/home/maya-leblanc/Documents/projects/sim-sensor/build/diff_robot_description' returned '0': CMAKE_PREFIX_PATH=${CMAKE_PREFIX_PATH}:/opt/ros/humble /usr/bin/cmake /home/maya-leblanc/Documents/projects/sim-sensor/src/diff_robot_description -DCMAKE_INSTALL_PREFIX=/home/maya-leblanc/Documents/projects/sim-sensor/install/diff_robot_description
[0.464s] Invoking command in '/home/maya-leblanc/Documents/projects/sim-sensor/build/diff_robot_description': CMAKE_PREFIX_PATH=${CMAKE_PREFIX_PATH}:/opt/ros/humble /usr/bin/cmake --build /home/maya-leblanc/Documents/projects/sim-sensor/build/diff_robot_description -- -j22 -l22
[0.490s] Invoked command in '/home/maya-leblanc/Documents/projects/sim-sensor/build/diff_robot_description' returned '0': CMAKE_PREFIX_PATH=${CMAKE_PREFIX_PATH}:/opt/ros/humble /usr/bin/cmake --build /home/maya-leblanc/Documents/projects/sim-sensor/build/diff_robot_description -- -j22 -l22
[0.498s] Invoking command in '/home/maya-leblanc/Documents/projects/sim-sensor/build/diff_robot_description': CMAKE_PREFIX_PATH=${CMAKE_PREFIX_PATH}:/opt/ros/humble /usr/bin/cmake --install /home/maya-leblanc/Documents/projects/sim-sensor/build/diff_robot_description
[0.503s] -- Install configuration: ""
[0.503s] -- Installing: /home/maya-leblanc/Documents/projects/sim-sensor/install/diff_robot_description/share/ament_index/resource_index/package_run_dependencies/diff_robot_description
[0.504s] -- Installing: /home/maya-leblanc/Documents/projects/sim-sensor/install/diff_robot_description/share/ament_index/resource_index/parent_prefix_path/diff_robot_description
[0.504s] -- Installing: /home/maya-leblanc/Documents/projects/sim-sensor/install/diff_robot_description/share/diff_robot_description/environment/ament_prefix_path.sh
[0.504s] -- Installing: /home/maya-leblanc/Documents/projects/sim-sensor/install/diff_robot_description/share/diff_robot_description/environment/ament_prefix_path.dsv
[0.504s] -- Installing: /home/maya-leblanc/Documents/projects/sim-sensor/install/diff_robot_description/share/diff_robot_description/environment/path.sh
[0.504s] -- Installing: /home/maya-leblanc/Documents/projects/sim-sensor/install/diff_robot_description/share/diff_robot_description/environment/path.dsv
[0.504s] -- Installing: /home/maya-leblanc/Documents/projects/sim-sensor/install/diff_robot_description/share/diff_robot_description/local_setup.bash
[0.504s] -- Installing: /home/maya-leblanc/Documents/projects/sim-sensor/install/diff_robot_description/share/diff_robot_description/local_setup.sh
[0.504s] -- Installing: /home/maya-leblanc/Documents/projects/sim-sensor/install/diff_robot_description/share/diff_robot_description/local_setup.zsh
[0.504s] -- Installing: /home/maya-leblanc/Documents/projects/sim-sensor/install/diff_robot_description/share/diff_robot_description/local_setup.dsv
[0.504s] -- Installing: /home/maya-leblanc/Documents/projects/sim-sensor/install/diff_robot_description/share/diff_robot_description/package.dsv
[0.505s] -- Installing: /home/maya-leblanc/Documents/projects/sim-sensor/install/diff_robot_description/share/ament_index/resource_index/packages/diff_robot_description
[0.505s] -- Installing: /home/maya-leblanc/Documents/projects/sim-sensor/install/diff_robot_description/share/diff_robot_description/cmake/diff_robot_descriptionConfig.cmake
[0.505s] -- Installing: /home/maya-leblanc/Documents/projects/sim-sensor/install/diff_robot_description/share/diff_robot_description/cmake/diff_robot_descriptionConfig-version.cmake
[0.505s] -- Installing: /home/maya-leblanc/Documents/projects/sim-sensor/install/diff_robot_description/share/diff_robot_description/package.xml
[0.507s] Invoked command in '/home/maya-leblanc/Documents/projects/sim-sensor/build/diff_robot_description' returned '0': CMAKE_PREFIX_PATH=${CMAKE_PREFIX_PATH}:/opt/ros/humble /usr/bin/cmake --install /home/maya-leblanc/Documents/projects/sim-sensor/build/diff_robot_description
