[0.008s] Invoking command in '/home/maya-leblanc/Documents/projects/sim-sensor/build/diff_robot': CMAKE_PREFIX_PATH=/opt/ros/humble /usr/bin/cmake /home/maya-leblanc/Documents/projects/sim-sensor/src/diff_robot -DCMAKE_INSTALL_PREFIX=/home/maya-leblanc/Documents/projects/sim-sensor/install/diff_robot
[0.093s] -- The C compiler identification is GNU 11.4.0
[0.154s] -- The CXX compiler identification is GNU 11.4.0
[0.160s] -- Detecting C compiler ABI info
[0.213s] -- Detecting C compiler ABI info - done
[0.219s] -- Check for working C compiler: /usr/bin/cc - skipped
[0.220s] -- Detecting C compile features
[0.220s] -- Detecting C compile features - done
[0.223s] -- Detecting CXX compiler ABI info
[0.284s] -- Detecting CXX compiler ABI info - done
[0.289s] -- Check for working CXX compiler: /usr/bin/c++ - skipped
[0.289s] -- Detecting CXX compile features
[0.290s] -- Detecting CXX compile features - done
[0.293s] -- Found ament_cmake: 1.3.14 (/opt/ros/humble/share/ament_cmake/cmake)
[0.392s] -- Found Python3: /usr/bin/python3 (found version "3.10.12") found components: Interpreter 
[0.461s] -- Found ament_lint_auto: 0.12.15 (/opt/ros/humble/share/ament_lint_auto/cmake)
[0.513s] -- Added test 'lint_cmake' to check CMake code style
[0.514s] -- Added test 'xmllint' to check XML markup files
[0.515s] -- Configuring done
[0.516s] -- Generating done
[0.517s] -- Build files have been written to: /home/maya-leblanc/Documents/projects/sim-sensor/build/diff_robot
[0.521s] Invoked command in '/home/maya-leblanc/Documents/projects/sim-sensor/build/diff_robot' returned '0': CMAKE_PREFIX_PATH=/opt/ros/humble /usr/bin/cmake /home/maya-leblanc/Documents/projects/sim-sensor/src/diff_robot -DCMAKE_INSTALL_PREFIX=/home/maya-leblanc/Documents/projects/sim-sensor/install/diff_robot
[0.523s] Invoking command in '/home/maya-leblanc/Documents/projects/sim-sensor/build/diff_robot': CMAKE_PREFIX_PATH=/opt/ros/humble /usr/bin/cmake --build /home/maya-leblanc/Documents/projects/sim-sensor/build/diff_robot -- -j22 -l22
[0.556s] Invoked command in '/home/maya-leblanc/Documents/projects/sim-sensor/build/diff_robot' returned '0': CMAKE_PREFIX_PATH=/opt/ros/humble /usr/bin/cmake --build /home/maya-leblanc/Documents/projects/sim-sensor/build/diff_robot -- -j22 -l22
[0.563s] Invoking command in '/home/maya-leblanc/Documents/projects/sim-sensor/build/diff_robot': CMAKE_PREFIX_PATH=/opt/ros/humble /usr/bin/cmake --install /home/maya-leblanc/Documents/projects/sim-sensor/build/diff_robot
[0.568s] -- Install configuration: ""
[0.568s] -- Installing: /home/maya-leblanc/Documents/projects/sim-sensor/install/diff_robot/share/ament_index/resource_index/package_run_dependencies/diff_robot
[0.568s] -- Installing: /home/maya-leblanc/Documents/projects/sim-sensor/install/diff_robot/share/ament_index/resource_index/parent_prefix_path/diff_robot
[0.568s] -- Installing: /home/maya-leblanc/Documents/projects/sim-sensor/install/diff_robot/share/diff_robot/environment/ament_prefix_path.sh
[0.568s] -- Installing: /home/maya-leblanc/Documents/projects/sim-sensor/install/diff_robot/share/diff_robot/environment/ament_prefix_path.dsv
[0.568s] -- Installing: /home/maya-leblanc/Documents/projects/sim-sensor/install/diff_robot/share/diff_robot/environment/path.sh
[0.568s] -- Installing: /home/maya-leblanc/Documents/projects/sim-sensor/install/diff_robot/share/diff_robot/environment/path.dsv
[0.569s] -- Installing: /home/maya-leblanc/Documents/projects/sim-sensor/install/diff_robot/share/diff_robot/local_setup.bash
[0.569s] -- Installing: /home/maya-leblanc/Documents/projects/sim-sensor/install/diff_robot/share/diff_robot/local_setup.sh
[0.569s] -- Installing: /home/maya-leblanc/Documents/projects/sim-sensor/install/diff_robot/share/diff_robot/local_setup.zsh
[0.569s] -- Installing: /home/maya-leblanc/Documents/projects/sim-sensor/install/diff_robot/share/diff_robot/local_setup.dsv
[0.569s] -- Installing: /home/maya-leblanc/Documents/projects/sim-sensor/install/diff_robot/share/diff_robot/package.dsv
[0.569s] -- Installing: /home/maya-leblanc/Documents/projects/sim-sensor/install/diff_robot/share/ament_index/resource_index/packages/diff_robot
[0.569s] -- Installing: /home/maya-leblanc/Documents/projects/sim-sensor/install/diff_robot/share/diff_robot/cmake/diff_robotConfig.cmake
[0.569s] -- Installing: /home/maya-leblanc/Documents/projects/sim-sensor/install/diff_robot/share/diff_robot/cmake/diff_robotConfig-version.cmake
[0.569s] -- Installing: /home/maya-leblanc/Documents/projects/sim-sensor/install/diff_robot/share/diff_robot/package.xml
[0.570s] Invoked command in '/home/maya-leblanc/Documents/projects/sim-sensor/build/diff_robot' returned '0': CMAKE_PREFIX_PATH=/opt/ros/humble /usr/bin/cmake --install /home/maya-leblanc/Documents/projects/sim-sensor/build/diff_robot
